<?xml version="1.0" encoding="UTF-8"?>
<!-- Generated by org.testng.reporters.JUnitXMLReporter -->
<testsuite hostname="DESKTOP-PVBE2QK" ignored="0" name="My Demo Web shop Functional Test" tests="4" failures="0" timestamp="2022-02-18T08:04:21 IST" time="61.184" errors="0">
  <testcase name="verifyHomePageTitle" time="1.214" classname="org.demowebshop.testscripts.HomePageTest"/>
  <testcase name="verifyValidLogin" time="3.379" classname="org.demowebshop.testscripts.LoginPageTest"/>
  <testcase name="verifyRegistration" time="2.543" classname="org.demowebshop.testscripts.RegisterPageTest"/>
  <testcase name="verifyProductAddedInShoppingCart" time="6.351" classname="org.demowebshop.testscripts.ShoppingCartPageTest"/>
</testsuite> <!-- My Demo Web shop Functional Test -->
